# JRE version: OpenJDK Runtime Environment Temurin-21.0.6+7 (21.0.6+7) (build 21.0.6+7-LTS)
# Java VM: OpenJDK 64-Bit Server VM Temurin-21.0.6+7 (21.0.6+7-LTS, mixed mode, sharing, tiered, compressed oops, compressed class ptrs, parallel gc, windows-amd64)
GC Precious Log:
 CardTable entry size: 512
 CPUs: 16 total, 16 available
 Memory: 16088M
 Large Page Support: Disabled
 NUMA Support: Disabled
 Compressed Oops: Enabled (32-bit)
 Alignments: Space 512K, Generation 512K, Heap 2M
 Heap Min Capacity: 100M
 Heap Initial Capacity: 100M
 Heap Max Capacity: 1G
 Pre-touch: Disabled
 Parallel Workers: 13
Heap:
 PSYoungGen      total 1536K, used 1212K [0x00000000eab00000, 0x00000000ead80000, 0x0000000100000000)
  eden space 512K, 100% used [0x00000000eab00000,0x00000000eab80000,0x00000000eab80000)
  from space 1024K, 68% used [0x00000000eab80000,0x00000000eac2f200,0x00000000eac80000)
  to   space 1024K, 31% used [0x00000000eac80000,0x00000000eacd0000,0x00000000ead80000)
 ParOldGen       total 222208K, used 221719K [0x00000000c0000000, 0x00000000cd900000, 0x00000000eab00000)
  object space 222208K, 99% used [0x00000000c0000000,0x00000000cd885f50,0x00000000cd900000)
 Metaspace       used 73254K, committed 74816K, reserved 1114112K
  class space    used 8812K, committed 9536K, reserved 1048576K
GC Heap History (20 events):
Event: 92.921 GC heap before
{Heap before GC invocations=1175 (full 5):
 PSYoungGen      total 1536K, used 1408K [0x00000000eab00000, 0x00000000ead80000, 0x0000000100000000)
  eden space 1024K, 100% used [0x00000000eab00000,0x00000000eac00000,0x00000000eac00000)
  from space 512K, 75% used [0x00000000eac80000,0x00000000eace0000,0x00000000ead00000)
  to   space 512K, 0% used [0x00000000ead00000,0x00000000ead00000,0x00000000ead80000)
 ParOldGen       total 219136K, used 219096K [0x00000000c0000000, 0x00000000cd600000, 0x00000000eab00000)
  object space 219136K, 99% used [0x00000000c0000000,0x00000000cd5f63c0,0x00000000cd600000)
 Metaspace       used 73254K, committed 74816K, reserved 1114112K
  class space    used 8812K, committed 9536K, reserved 1048576K
}
Event: 92.922 GC heap after
{Heap after GC invocations=1175 (full 5):
 PSYoungGen      total 1536K, used 320K [0x00000000eab00000, 0x00000000ead80000, 0x0000000100000000)
  eden space 1024K, 0% used [0x00000000eab00000,0x00000000eab00000,0x00000000eac00000)
  from space 512K, 62% used [0x00000000ead00000,0x00000000ead50000,0x00000000ead80000)
  to   space 512K, 0% used [0x00000000eac80000,0x00000000eac80000,0x00000000ead00000)
 ParOldGen       total 219648K, used 219224K [0x00000000c0000000, 0x00000000cd680000, 0x00000000eab00000)
  object space 219648K, 99% used [0x00000000c0000000,0x00000000cd6163c0,0x00000000cd680000)
 Metaspace       used 73254K, committed 74816K, reserved 1114112K
  class space    used 8812K, committed 9536K, reserved 1048576K
}
Event: 92.926 GC heap before
{Heap before GC invocations=1176 (full 5):
 PSYoungGen      total 1536K, used 1344K [0x00000000eab00000, 0x00000000ead80000, 0x0000000100000000)
  eden space 1024K, 100% used [0x00000000eab00000,0x00000000eac00000,0x00000000eac00000)
  from space 512K, 62% used [0x00000000ead00000,0x00000000ead50000,0x00000000ead80000)
  to   space 512K, 0% used [0x00000000eac80000,0x00000000eac80000,0x00000000ead00000)
 ParOldGen       total 219648K, used 219224K [0x00000000c0000000, 0x00000000cd680000, 0x00000000eab00000)
  object space 219648K, 99% used [0x00000000c0000000,0x00000000cd6163c0,0x00000000cd680000)
 Metaspace       used 73254K, committed 74816K, reserved 1114112K
  class space    used 8812K, committed 9536K, reserved 1048576K
}
Event: 92.927 GC heap after
{Heap after GC invocations=1176 (full 5):
 PSYoungGen      total 1536K, used 320K [0x00000000eab00000, 0x00000000ead80000, 0x0000000100000000)
  eden space 1024K, 0% used [0x00000000eab00000,0x00000000eab00000,0x00000000eac00000)
  from space 512K, 62% used [0x00000000eac80000,0x00000000eacd0000,0x00000000ead00000)
  to   space 512K, 0% used [0x00000000ead00000,0x00000000ead00000,0x00000000ead80000)
 ParOldGen       total 219648K, used 219368K [0x00000000c0000000, 0x00000000cd680000, 0x00000000eab00000)
  object space 219648K, 99% used [0x00000000c0000000,0x00000000cd63a3c0,0x00000000cd680000)
 Metaspace       used 73254K, committed 74816K, reserved 1114112K
  class space    used 8812K, committed 9536K, reserved 1048576K
}
Event: 92.932 GC heap before
{Heap before GC invocations=1177 (full 5):
 PSYoungGen      total 1536K, used 1343K [0x00000000eab00000, 0x00000000ead80000, 0x0000000100000000)
  eden space 1024K, 99% used [0x00000000eab00000,0x00000000eabffe28,0x00000000eac00000)
  from space 512K, 62% used [0x00000000eac80000,0x00000000eacd0000,0x00000000ead00000)
  to   space 512K, 0% used [0x00000000ead00000,0x00000000ead00000,0x00000000ead80000)
 ParOldGen       total 219648K, used 219368K [0x00000000c0000000, 0x00000000cd680000, 0x00000000eab00000)
  object space 219648K, 99% used [0x00000000c0000000,0x00000000cd63a3c0,0x00000000cd680000)
 Metaspace       used 73254K, committed 74816K, reserved 1114112K
  class space    used 8812K, committed 9536K, reserved 1048576K
}
Event: 92.933 GC heap after
{Heap after GC invocations=1177 (full 5):
 PSYoungGen      total 1536K, used 416K [0x00000000eab00000, 0x00000000ead80000, 0x0000000100000000)
  eden space 1024K, 0% used [0x00000000eab00000,0x00000000eab00000,0x00000000eac00000)
  from space 512K, 81% used [0x00000000ead00000,0x00000000ead68000,0x00000000ead80000)
  to   space 512K, 0% used [0x00000000eac80000,0x00000000eac80000,0x00000000ead00000)
 ParOldGen       total 219648K, used 219504K [0x00000000c0000000, 0x00000000cd680000, 0x00000000eab00000)
  object space 219648K, 99% used [0x00000000c0000000,0x00000000cd65c3c0,0x00000000cd680000)
 Metaspace       used 73254K, committed 74816K, reserved 1114112K
  class space    used 8812K, committed 9536K, reserved 1048576K
}
Event: 92.937 GC heap before
{Heap before GC invocations=1178 (full 5):
 PSYoungGen      total 1536K, used 1428K [0x00000000eab00000, 0x00000000ead80000, 0x0000000100000000)
  eden space 1024K, 98% used [0x00000000eab00000,0x00000000eabfd0e0,0x00000000eac00000)
  from space 512K, 81% used [0x00000000ead00000,0x00000000ead68000,0x00000000ead80000)
  to   space 512K, 0% used [0x00000000eac80000,0x00000000eac80000,0x00000000ead00000)
 ParOldGen       total 219648K, used 219504K [0x00000000c0000000, 0x00000000cd680000, 0x00000000eab00000)
  object space 219648K, 99% used [0x00000000c0000000,0x00000000cd65c3c0,0x00000000cd680000)
 Metaspace       used 73254K, committed 74816K, reserved 1114112K
  class space    used 8812K, committed 9536K, reserved 1048576K
}
Event: 92.938 GC heap after
{Heap after GC invocations=1178 (full 5):
 PSYoungGen      total 1536K, used 416K [0x00000000eab00000, 0x00000000ead80000, 0x0000000100000000)
  eden space 1024K, 0% used [0x00000000eab00000,0x00000000eab00000,0x00000000eac00000)
  from space 512K, 81% used [0x00000000eac80000,0x00000000eace8000,0x00000000ead00000)
  to   space 512K, 0% used [0x00000000ead00000,0x00000000ead00000,0x00000000ead80000)
 ParOldGen       total 220160K, used 219648K [0x00000000c0000000, 0x00000000cd700000, 0x00000000eab00000)
  object space 220160K, 99% used [0x00000000c0000000,0x00000000cd6803c0,0x00000000cd700000)
 Metaspace       used 73254K, committed 74816K, reserved 1114112K
  class space    used 8812K, committed 9536K, reserved 1048576K
}
Event: 92.947 GC heap before
{Heap before GC invocations=1179 (full 5):
 PSYoungGen      total 1536K, used 1440K [0x00000000eab00000, 0x00000000ead80000, 0x0000000100000000)
  eden space 1024K, 100% used [0x00000000eab00000,0x00000000eac00000,0x00000000eac00000)
  from space 512K, 81% used [0x00000000eac80000,0x00000000eace8000,0x00000000ead00000)
  to   space 512K, 0% used [0x00000000ead00000,0x00000000ead00000,0x00000000ead80000)
 ParOldGen       total 220160K, used 219648K [0x00000000c0000000, 0x00000000cd700000, 0x00000000eab00000)
  object space 220160K, 99% used [0x00000000c0000000,0x00000000cd6803c0,0x00000000cd700000)
 Metaspace       used 73254K, committed 74816K, reserved 1114112K
  class space    used 8812K, committed 9536K, reserved 1048576K
}
Event: 92.948 GC heap after
{Heap after GC invocations=1179 (full 5):
 PSYoungGen      total 1536K, used 436K [0x00000000eab00000, 0x00000000ead80000, 0x0000000100000000)
  eden space 1024K, 0% used [0x00000000eab00000,0x00000000eab00000,0x00000000eac00000)
  from space 512K, 85% used [0x00000000ead00000,0x00000000ead6d3f0,0x00000000ead80000)
  to   space 512K, 0% used [0x00000000eac80000,0x00000000eac80000,0x00000000ead00000)
 ParOldGen       total 220160K, used 219800K [0x00000000c0000000, 0x00000000cd700000, 0x00000000eab00000)
  object space 220160K, 99% used [0x00000000c0000000,0x00000000cd6a63c0,0x00000000cd700000)
 Metaspace       used 73254K, committed 74816K, reserved 1114112K
  class space    used 8812K, committed 9536K, reserved 1048576K
}
Event: 92.953 GC heap before
{Heap before GC invocations=1180 (full 5):
 PSYoungGen      total 1536K, used 1420K [0x00000000eab00000, 0x00000000ead80000, 0x0000000100000000)
  eden space 1024K, 96% used [0x00000000eab00000,0x00000000eabf5d78,0x00000000eac00000)
  from space 512K, 85% used [0x00000000ead00000,0x00000000ead6d3f0,0x00000000ead80000)
  to   space 512K, 0% used [0x00000000eac80000,0x00000000eac80000,0x00000000ead00000)
 ParOldGen       total 220160K, used 219800K [0x00000000c0000000, 0x00000000cd700000, 0x00000000eab00000)
  object space 220160K, 99% used [0x00000000c0000000,0x00000000cd6a63c0,0x00000000cd700000)
 Metaspace       used 73254K, committed 74816K, reserved 1114112K
  class space    used 8812K, committed 9536K, reserved 1048576K
}
Event: 92.954 GC heap after
{Heap after GC invocations=1180 (full 5):
 PSYoungGen      total 1536K, used 506K [0x00000000eab00000, 0x00000000eae00000, 0x0000000100000000)
  eden space 1024K, 0% used [0x00000000eab00000,0x00000000eab00000,0x00000000eac00000)
  from space 512K, 98% used [0x00000000eac80000,0x00000000eacfe810,0x00000000ead00000)
  to   space 1024K, 0% used [0x00000000ead00000,0x00000000ead00000,0x00000000eae00000)
 ParOldGen       total 220160K, used 219928K [0x00000000c0000000, 0x00000000cd700000, 0x00000000eab00000)
  object space 220160K, 99% used [0x00000000c0000000,0x00000000cd6c63c0,0x00000000cd700000)
 Metaspace       used 73254K, committed 74816K, reserved 1114112K
  class space    used 8812K, committed 9536K, reserved 1048576K
}
Event: 92.966 GC heap before
{Heap before GC invocations=1181 (full 5):
 PSYoungGen      total 1536K, used 1530K [0x00000000eab00000, 0x00000000eae00000, 0x0000000100000000)
  eden space 1024K, 100% used [0x00000000eab00000,0x00000000eac00000,0x00000000eac00000)
  from space 512K, 98% used [0x00000000eac80000,0x00000000eacfe810,0x00000000ead00000)
  to   space 1024K, 0% used [0x00000000ead00000,0x00000000ead00000,0x00000000eae00000)
 ParOldGen       total 220160K, used 219928K [0x00000000c0000000, 0x00000000cd700000, 0x00000000eab00000)
  object space 220160K, 99% used [0x00000000c0000000,0x00000000cd6c63c0,0x00000000cd700000)
 Metaspace       used 73254K, committed 74816K, reserved 1114112K
  class space    used 8812K, committed 9536K, reserved 1048576K
}
Event: 92.967 GC heap after
{Heap after GC invocations=1181 (full 5):
 PSYoungGen      total 1536K, used 412K [0x00000000eab00000, 0x00000000ead80000, 0x0000000100000000)
  eden space 1024K, 0% used [0x00000000eab00000,0x00000000eab00000,0x00000000eac00000)
  from space 512K, 80% used [0x00000000ead00000,0x00000000ead67008,0x00000000ead80000)
  to   space 512K, 0% used [0x00000000eac80000,0x00000000eac80000,0x00000000ead00000)
 ParOldGen       total 220160K, used 220100K [0x00000000c0000000, 0x00000000cd700000, 0x00000000eab00000)
  object space 220160K, 99% used [0x00000000c0000000,0x00000000cd6f13c8,0x00000000cd700000)
 Metaspace       used 73254K, committed 74816K, reserved 1114112K
  class space    used 8812K, committed 9536K, reserved 1048576K
}
Event: 92.974 GC heap before
{Heap before GC invocations=1182 (full 5):
 PSYoungGen      total 1536K, used 1423K [0x00000000eab00000, 0x00000000ead80000, 0x0000000100000000)
  eden space 1024K, 98% used [0x00000000eab00000,0x00000000eabfcec8,0x00000000eac00000)
  from space 512K, 80% used [0x00000000ead00000,0x00000000ead67008,0x00000000ead80000)
  to   space 512K, 0% used [0x00000000eac80000,0x00000000eac80000,0x00000000ead00000)
 ParOldGen       total 220160K, used 220100K [0x00000000c0000000, 0x00000000cd700000, 0x00000000eab00000)
  object space 220160K, 99% used [0x00000000c0000000,0x00000000cd6f13c8,0x00000000cd700000)
 Metaspace       used 73254K, committed 74816K, reserved 1114112K
  class space    used 8812K, committed 9536K, reserved 1048576K
}
Event: 92.976 GC heap after
{Heap after GC invocations=1182 (full 5):
 PSYoungGen      total 1536K, used 510K [0x00000000eab00000, 0x00000000eae00000, 0x0000000100000000)
  eden space 1024K, 0% used [0x00000000eab00000,0x00000000eab00000,0x00000000eac00000)
  from space 512K, 99% used [0x00000000eac80000,0x00000000eacffa00,0x00000000ead00000)
  to   space 1024K, 0% used [0x00000000ead00000,0x00000000ead00000,0x00000000eae00000)
 ParOldGen       total 220672K, used 220468K [0x00000000c0000000, 0x00000000cd780000, 0x00000000eab00000)
  object space 220672K, 99% used [0x00000000c0000000,0x00000000cd74d3e8,0x00000000cd780000)
 Metaspace       used 73254K, committed 74816K, reserved 1114112K
  class space    used 8812K, committed 9536K, reserved 1048576K
}
Event: 92.996 GC heap before
{Heap before GC invocations=1183 (full 5):
 PSYoungGen      total 1536K, used 1534K [0x00000000eab00000, 0x00000000eae00000, 0x0000000100000000)
  eden space 1024K, 100% used [0x00000000eab00000,0x00000000eac00000,0x00000000eac00000)
  from space 512K, 99% used [0x00000000eac80000,0x00000000eacffa00,0x00000000ead00000)
  to   space 1024K, 0% used [0x00000000ead00000,0x00000000ead00000,0x00000000eae00000)
 ParOldGen       total 220672K, used 220468K [0x00000000c0000000, 0x00000000cd780000, 0x00000000eab00000)
  object space 220672K, 99% used [0x00000000c0000000,0x00000000cd74d3e8,0x00000000cd780000)
 Metaspace       used 73254K, committed 74816K, reserved 1114112K
  class space    used 8812K, committed 9536K, reserved 1048576K
}
Event: 92.997 GC heap after
{Heap after GC invocations=1183 (full 5):
 PSYoungGen      total 1536K, used 1003K [0x00000000eab00000, 0x00000000eaf00000, 0x0000000100000000)
  eden space 512K, 0% used [0x00000000eab00000,0x00000000eab00000,0x00000000eab80000)
  from space 1024K, 97% used [0x00000000ead00000,0x00000000eadfae00,0x00000000eae00000)
  to   space 1536K, 0% used [0x00000000eab80000,0x00000000eab80000,0x00000000ead00000)
 ParOldGen       total 221184K, used 220838K [0x00000000c0000000, 0x00000000cd800000, 0x00000000eab00000)
  object space 221184K, 99% used [0x00000000c0000000,0x00000000cd7a9810,0x00000000cd800000)
 Metaspace       used 73254K, committed 74816K, reserved 1114112K
  class space    used 8812K, committed 9536K, reserved 1048576K
}
Event: 93.017 GC heap before
{Heap before GC invocations=1184 (full 5):
 PSYoungGen      total 1536K, used 1481K [0x00000000eab00000, 0x00000000eaf00000, 0x0000000100000000)
  eden space 512K, 93% used [0x00000000eab00000,0x00000000eab779b0,0x00000000eab80000)
  from space 1024K, 97% used [0x00000000ead00000,0x00000000eadfae00,0x00000000eae00000)
  to   space 1536K, 0% used [0x00000000eab80000,0x00000000eab80000,0x00000000ead00000)
 ParOldGen       total 221184K, used 220838K [0x00000000c0000000, 0x00000000cd800000, 0x00000000eab00000)
  object space 221184K, 99% used [0x00000000c0000000,0x00000000cd7a9810,0x00000000cd800000)
 Metaspace       used 73254K, committed 74816K, reserved 1114112K
  class space    used 8812K, committed 9536K, reserved 1048576K
}
Event: 93.018 GC heap after
{Heap after GC invocations=1184 (full 5):
 PSYoungGen      total 1536K, used 700K [0x00000000eab00000, 0x00000000ead80000, 0x0000000100000000)
  eden space 512K, 0% used [0x00000000eab00000,0x00000000eab00000,0x00000000eab80000)
  from space 1024K, 68% used [0x00000000eab80000,0x00000000eac2f200,0x00000000eac80000)
  to   space 1024K, 0% used [0x00000000eac80000,0x00000000eac80000,0x00000000ead80000)
 ParOldGen       total 221696K, used 221679K [0x00000000c0000000, 0x00000000cd880000, 0x00000000eab00000)
  object space 221696K, 99% used [0x00000000c0000000,0x00000000cd87bf50,0x00000000cd880000)
 Metaspace       used 73254K, committed 74816K, reserved 1114112K
  class space    used 8812K, committed 9536K, reserved 1048576K
}

